<?xml version="1.0" encoding="UTF-8"?>
<testsuite name="co2103.hw1.Task2Test" tests="1" skipped="0" failures="0" errors="0" timestamp="2023-12-09T16:14:35" hostname="Olivers-MacBook-Air.local" time="0.011">
  <properties/>
  <testcase name="classesAndFieldsCreated()" classname="co2103.hw1.Task2Test" time="0.011"/>
  <system-out><![CDATA[]]></system-out>
  <system-err><![CDATA[]]></system-err>
</testsuite>
