<?xml version="1.0" encoding="UTF-8"?>
<testsuite name="co2103.hw1.Task3Test" tests="3" skipped="0" failures="0" errors="0" timestamp="2023-12-09T16:14:36" hostname="Olivers-MacBook-Air.local" time="0.454">
  <properties/>
  <testcase name="greetingGETShouldReturnDefaultMessage()" classname="co2103.hw1.Task3Test" time="0.447"/>
  <testcase name="classesCreated()" classname="co2103.hw1.Task3Test" time="0.001"/>
  <testcase name="greetingPOSTShouldReturnDefaultMessage()" classname="co2103.hw1.Task3Test" time="0.004"/>
  <system-out><![CDATA[16:14:35.842 [Test worker] INFO org.springframework.test.context.support.AnnotationConfigContextLoaderUtils -- Could not detect default configuration classes for test class [co2103.hw1.Task3Test]: Task3Test does not declare any static, non-private, non-final, nested classes annotated with @Configuration.
16:14:35.887 [Test worker] INFO org.springframework.boot.test.context.SpringBootTestContextBootstrapper -- Found @SpringBootConfiguration co2103.hw1.Hw1Application for test class co2103.hw1.Task3Test

  .   ____          _            __ _ _
 /\\ / ___'_ __ _ _(_)_ __  __ _ \ \ \ \
( ( )\___ | '_ | '_| | '_ \/ _` | \ \ \ \
 \\/  ___)| |_)| | | | | || (_| |  ) ) ) )
  '  |____| .__|_| |_|_| |_\__, | / / / /
 =========|_|==============|___/=/_/_/_/
 :: Spring Boot ::                (v3.1.1)

2023-12-09T16:14:36.029Z  INFO 1507 --- [    Test worker] co2103.hw1.Task3Test                     : Starting Task3Test using Java 19.0.2 with PID 1507 (started by oliverjohnson in /Users/oliverjohnson/Projects/hw1)
2023-12-09T16:14:36.029Z  INFO 1507 --- [    Test worker] co2103.hw1.Task3Test                     : No active profile set, falling back to 1 default profile: "default"
2023-12-09T16:14:36.429Z  INFO 1507 --- [    Test worker] o.s.b.t.m.w.SpringBootMockServletContext : Initializing Spring TestDispatcherServlet ''
2023-12-09T16:14:36.429Z  INFO 1507 --- [    Test worker] o.s.t.web.servlet.TestDispatcherServlet  : Initializing Servlet ''
2023-12-09T16:14:36.430Z  INFO 1507 --- [    Test worker] o.s.t.web.servlet.TestDispatcherServlet  : Completed initialization in 0 ms
2023-12-09T16:14:36.443Z  INFO 1507 --- [    Test worker] co2103.hw1.Task3Test                     : Started Task3Test in 0.503 seconds (process running for 1.064)

MockHttpServletRequest:
      HTTP Method = GET
      Request URI = /
       Parameters = {}
          Headers = []
             Body = null
    Session Attrs = {}

Handler:
             Type = co2103.hw1.controller.MainController
           Method = co2103.hw1.controller.MainController#start()

Async:
    Async started = false
     Async result = null

Resolved Exception:
             Type = null

ModelAndView:
        View name = start
             View = null
            Model = null

FlashMap:
       Attributes = null

MockHttpServletResponse:
           Status = 200
    Error message = null
          Headers = [Content-Language:"en"]
     Content type = null
             Body = 
    Forwarded URL = /WEB-INF/views/start.jsp
   Redirected URL = null
          Cookies = []

MockHttpServletRequest:
      HTTP Method = POST
      Request URI = /
       Parameters = {}
          Headers = []
             Body = null
    Session Attrs = {}

Handler:
             Type = co2103.hw1.controller.MainController
           Method = co2103.hw1.controller.MainController#start()

Async:
    Async started = false
     Async result = null

Resolved Exception:
             Type = null

ModelAndView:
        View name = start
             View = null
            Model = null

FlashMap:
       Attributes = null

MockHttpServletResponse:
           Status = 200
    Error message = null
          Headers = [Content-Language:"en"]
     Content type = null
             Body = 
    Forwarded URL = /WEB-INF/views/start.jsp
   Redirected URL = null
          Cookies = []
]]></system-out>
  <system-err><![CDATA[]]></system-err>
</testsuite>
