<?xml version="1.0" encoding="UTF-8"?>
<testsuite name="co2103.hw1.Task1Test" tests="2" skipped="0" failures="0" errors="0" timestamp="2023-12-09T16:14:35" hostname="Olivers-MacBook-Air.local" time="0.005">
  <properties/>
  <testcase name="checkProperties()" classname="co2103.hw1.Task1Test" time="0.0"/>
  <testcase name="dependencies()" classname="co2103.hw1.Task1Test" time="0.004"/>
  <system-out><![CDATA[]]></system-out>
  <system-err><![CDATA[]]></system-err>
</testsuite>
